<?xml version="1.0" encoding="UTF-8"?>
<!-- Generated by org.testng.reporters.JUnitXMLReporter -->
<testsuite ignored="177" hostname="Eqanim-Victus-1" failures="1" tests="1" name="Default test" time="20.499" errors="0" timestamp="2023-04-25T16:52:52 IST">
  <testcase classname="Tests.UserRegistrationFunctionality" name="verification_Of_Edit_Profile_Functionality_When_The_Application_Status_Is_Pending" time="16.378">
    <failure type="org.openqa.selenium.NoSuchElementException" message="no such element: Unable to locate element: {&amp;quot;method&amp;quot;:&amp;quot;xpath&amp;quot;,&amp;quot;selector&amp;quot;:&amp;quot;//input[@name=&amp;apos;primaryResidence.street1&amp;apos;]&amp;quot;}
  (Session info: MicrosoftEdge=112.0.1722.58)
For documentation on this error, please visit: https://www.seleniumhq.org/exceptions/no_such_element.html
Build info: version: &amp;apos;3.141.59&amp;apos;, revision: &amp;apos;e82be7d358&amp;apos;, time: &amp;apos;2018-11-14T08:17:03&amp;apos;
System info: host: &amp;apos;EQANIM-VICTUS-1&amp;apos;, ip: &amp;apos;192.168.0.147&amp;apos;, os.name: &amp;apos;Windows 11&amp;apos;, os.arch: &amp;apos;amd64&amp;apos;, os.version: &amp;apos;10.0&amp;apos;, java.version: &amp;apos;18.0.2.1&amp;apos;
Driver info: org.openqa.selenium.edge.EdgeDriver
Capabilities {acceptInsecureCerts: false, browserName: msedge, browserVersion: 112.0.1722.58, javascriptEnabled: true, ms:edgeOptions: {debuggerAddress: localhost:51872}, msedge: {msedgedriverVersion: 112.0.1722.58 (4dc3f55bfaec..., userDataDir: C:\Users\VISHAL~1\AppData\L...}, networkConnectionEnabled: false, pageLoadStrategy: normal, platform: WINDOWS, platformName: WINDOWS, proxy: Proxy(), setWindowRect: true, strictFileInteractability: false, timeouts: {implicit: 0, pageLoad: 300000, script: 30000}, unhandledPromptBehavior: dismiss and notify, webauthn:extension:credBlob: true, webauthn:extension:largeBlob: true, webauthn:extension:minPinLength: true, webauthn:extension:prf: true, webauthn:virtualAuthenticators: true}
Session ID: 2e26c2eb645cf4982295e0474c26a7a3
*** Element info: {Using=xpath, value=//input[@name=&amp;apos;primaryResidence.street1&amp;apos;]}">
      <![CDATA[org.openqa.selenium.NoSuchElementException: no such element: Unable to locate element: {"method":"xpath","selector":"//input[@name='primaryResidence.street1']"}
  (Session info: MicrosoftEdge=112.0.1722.58)
For documentation on this error, please visit: https://www.seleniumhq.org/exceptions/no_such_element.html
Build info: version: '3.141.59', revision: 'e82be7d358', time: '2018-11-14T08:17:03'
System info: host: 'EQANIM-VICTUS-1', ip: '192.168.0.147', os.name: 'Windows 11', os.arch: 'amd64', os.version: '10.0', java.version: '18.0.2.1'
Driver info: org.openqa.selenium.edge.EdgeDriver
Capabilities {acceptInsecureCerts: false, browserName: msedge, browserVersion: 112.0.1722.58, javascriptEnabled: true, ms:edgeOptions: {debuggerAddress: localhost:51872}, msedge: {msedgedriverVersion: 112.0.1722.58 (4dc3f55bfaec..., userDataDir: C:\Users\VISHAL~1\AppData\L...}, networkConnectionEnabled: false, pageLoadStrategy: normal, platform: WINDOWS, platformName: WINDOWS, proxy: Proxy(), setWindowRect: true, strictFileInteractability: false, timeouts: {implicit: 0, pageLoad: 300000, script: 30000}, unhandledPromptBehavior: dismiss and notify, webauthn:extension:credBlob: true, webauthn:extension:largeBlob: true, webauthn:extension:minPinLength: true, webauthn:extension:prf: true, webauthn:virtualAuthenticators: true}
Session ID: 2e26c2eb645cf4982295e0474c26a7a3
*** Element info: {Using=xpath, value=//input[@name='primaryResidence.street1']}
at java.base/jdk.internal.reflect.DirectConstructorHandleAccessor.newInstance(DirectConstructorHandleAccessor.java:67)
at java.base/java.lang.reflect.Constructor.newInstanceWithCaller(Constructor.java:499)
at java.base/java.lang.reflect.Constructor.newInstance(Constructor.java:483)
at org.openqa.selenium.remote.http.W3CHttpResponseCodec.createException(W3CHttpResponseCodec.java:187)
at org.openqa.selenium.remote.http.W3CHttpResponseCodec.decode(W3CHttpResponseCodec.java:122)
at org.openqa.selenium.remote.http.W3CHttpResponseCodec.decode(W3CHttpResponseCodec.java:49)
at org.openqa.selenium.remote.HttpCommandExecutor.execute(HttpCommandExecutor.java:158)
at org.openqa.selenium.remote.service.DriverCommandExecutor.execute(DriverCommandExecutor.java:83)
at org.openqa.selenium.remote.RemoteWebDriver.execute(RemoteWebDriver.java:552)
at org.openqa.selenium.remote.RemoteWebDriver.findElement(RemoteWebDriver.java:323)
at org.openqa.selenium.remote.RemoteWebDriver.findElementByXPath(RemoteWebDriver.java:428)
at org.openqa.selenium.By$ByXPath.findElement(By.java:353)
at org.openqa.selenium.remote.RemoteWebDriver.findElement(RemoteWebDriver.java:315)
at pageObjects.PendingUser.residenceAndMailing(PendingUser.java:5486)
at Tests.UserRegistrationFunctionality.verification_Of_Edit_Profile_Functionality_When_The_Application_Status_Is_Pending(UserRegistrationFunctionality.java:46)
at java.base/jdk.internal.reflect.DirectMethodHandleAccessor.invoke(DirectMethodHandleAccessor.java:104)
at java.base/java.lang.reflect.Method.invoke(Method.java:577)
at org.testng.internal.MethodInvocationHelper.invokeMethod(MethodInvocationHelper.java:133)
at org.testng.internal.TestInvoker.invokeMethod(TestInvoker.java:598)
at org.testng.internal.TestInvoker.invokeTestMethod(TestInvoker.java:173)
at org.testng.internal.MethodRunner.runInSequence(MethodRunner.java:46)
at org.testng.internal.TestInvoker$MethodInvocationAgent.invoke(TestInvoker.java:824)
at org.testng.internal.TestInvoker.invokeTestMethods(TestInvoker.java:146)
at org.testng.internal.TestMethodWorker.invokeTestMethods(TestMethodWorker.java:146)
at org.testng.internal.TestMethodWorker.run(TestMethodWorker.java:128)
at java.base/java.util.ArrayList.forEach(ArrayList.java:1511)
at org.testng.TestRunner.privateRun(TestRunner.java:794)
at org.testng.TestRunner.run(TestRunner.java:596)
at org.testng.SuiteRunner.runTest(SuiteRunner.java:377)
at org.testng.SuiteRunner.runSequentially(SuiteRunner.java:371)
at org.testng.SuiteRunner.privateRun(SuiteRunner.java:332)
at org.testng.SuiteRunner.run(SuiteRunner.java:276)
at org.testng.SuiteRunnerWorker.runSuite(SuiteRunnerWorker.java:53)
at org.testng.SuiteRunnerWorker.run(SuiteRunnerWorker.java:96)
at org.testng.TestNG.runSuitesSequentially(TestNG.java:1212)
at org.testng.TestNG.runSuitesLocally(TestNG.java:1134)
at org.testng.TestNG.runSuites(TestNG.java:1063)
at org.testng.TestNG.run(TestNG.java:1031)
at org.testng.remote.AbstractRemoteTestNG.run(AbstractRemoteTestNG.java:115)
at org.testng.remote.RemoteTestNG.initAndRun(RemoteTestNG.java:251)
at org.testng.remote.RemoteTestNG.main(RemoteTestNG.java:77)
]]>
    </failure>
  </testcase> <!-- verification_Of_Edit_Profile_Functionality_When_The_Application_Status_Is_Pending -->
  <testcase classname="Tests.UserRegistrationFunctionality" name="verification_of_account_lockout_functionality_when_answer_to_3_security_questions_is_incorrect" time="0.0">
    <ignored/>
  </testcase> <!-- verification_of_account_lockout_functionality_when_answer_to_3_security_questions_is_incorrect -->
  <testcase classname="Tests.UserRegistrationFunctionality" name="Verification_Of_Assigning_Multiple_Roles_From_different_role_type_During_The_Approval_Process" time="0.0">
    <ignored/>
  </testcase> <!-- Verification_Of_Assigning_Multiple_Roles_From_different_role_type_During_The_Approval_Process -->
  <testcase classname="Tests.UserRegistrationFunctionality" name="verification_of_all_mandatory_fields_with_invalid_data_on_Edit_and_Review_page" time="0.0">
    <ignored/>
  </testcase> <!-- verification_of_all_mandatory_fields_with_invalid_data_on_Edit_and_Review_page -->
  <testcase classname="Tests.UserRegistrationFunctionality" name="security_questions_field_by_selecting_dupliate_questions" time="0.0">
    <ignored/>
  </testcase> <!-- security_questions_field_by_selecting_dupliate_questions -->
  <testcase classname="Tests.UserRegistrationFunctionality" name="Verify_When_The_Registrar_Assign_roles_From_Jurisdiction_Users_Or_Service_Providers_role_Type_A_Dual_approval_Proposal_sent_TO_Jurisdiction_Authority" time="0.0">
    <ignored/>
  </testcase> <!-- Verify_When_The_Registrar_Assign_roles_From_Jurisdiction_Users_Or_Service_Providers_role_Type_A_Dual_approval_Proposal_sent_TO_Jurisdiction_Authority -->
  <testcase classname="Tests.UserRegistrationFunctionality" name="verification_Of_Retain_Data_Functionality_When_Tab_Or_Window_Is_Closed" time="0.0">
    <ignored/>
  </testcase> <!-- verification_Of_Retain_Data_Functionality_When_Tab_Or_Window_Is_Closed -->
  <testcase classname="Tests.UserRegistrationFunctionality" name="verification_Of_Assigning_Multiple_Roles_from_Different_Role_Types_During_The_Approval_Process" time="0.0">
    <ignored/>
  </testcase> <!-- verification_Of_Assigning_Multiple_Roles_from_Different_Role_Types_During_The_Approval_Process -->
  <testcase classname="Tests.UserRegistrationFunctionality" name="verification_Of_Availability_Of_user_Id_When_User_Change_User_Id_From_user_Profile" time="0.0">
    <ignored/>
  </testcase> <!-- verification_Of_Availability_Of_user_Id_When_User_Change_User_Id_From_user_Profile -->
  <testcase classname="Tests.UserRegistrationFunctionality" name="Verification_of_user_registration_copy_removal_from_the_profile_after_approval_of_the_User" time="0.0">
    <ignored/>
  </testcase> <!-- Verification_of_user_registration_copy_removal_from_the_profile_after_approval_of_the_User -->
  <testcase classname="Tests.UserRegistrationFunctionality" name="verify_the_accessbility_of_forgot_user_id_link_on_login_section" time="0.0">
    <ignored/>
  </testcase> <!-- verify_the_accessbility_of_forgot_user_id_link_on_login_section -->
  <testcase classname="Tests.UserRegistrationFunctionality" name="verification_Of_Change_In_Application_Status_When_Applicant_Submit_Requested_Revision" time="0.0">
    <ignored/>
  </testcase> <!-- verification_Of_Change_In_Application_Status_When_Applicant_Submit_Requested_Revision -->
  <testcase classname="Tests.UserRegistrationFunctionality" name="verify_Comment_Field_when_The_Application_Is_Approved_By_Registrar" time="0.0">
    <ignored/>
  </testcase> <!-- verify_Comment_Field_when_The_Application_Is_Approved_By_Registrar -->
  <testcase classname="Tests.UserRegistrationFunctionality" name="verify_Deny_Functionality_For_User_Registration_By_Registrar_Without_Adding_Reason" time="0.0">
    <ignored/>
  </testcase> <!-- verify_Deny_Functionality_For_User_Registration_By_Registrar_Without_Adding_Reason -->
  <testcase classname="Tests.UserRegistrationFunctionality" name="verificatio_Of_Send_Revision_Request_Multiple_Times_To_Applicant_For_Details_Changed_And_Submitted_By_The_Applicant" time="0.0">
    <ignored/>
  </testcase> <!-- verificatio_Of_Send_Revision_Request_Multiple_Times_To_Applicant_For_Details_Changed_And_Submitted_By_The_Applicant -->
  <testcase classname="Tests.UserRegistrationFunctionality" name="verification_of_log_in_functionality_with_incorrect_credential" time="0.0">
    <ignored/>
  </testcase> <!-- verification_of_log_in_functionality_with_incorrect_credential -->
  <testcase classname="Tests.UserRegistrationFunctionality" name="VerifyTheEmailAddressFieldWithInvalidData" time="0.0">
    <ignored/>
  </testcase> <!-- VerifyTheEmailAddressFieldWithInvalidData -->
  <testcase classname="Tests.UserRegistrationFunctionality" name="Verification_of_User_registration_form_download_functionality_when_registration_details_are_updated" time="0.0">
    <ignored/>
  </testcase> <!-- Verification_of_User_registration_form_download_functionality_when_registration_details_are_updated -->
  <testcase classname="Tests.UserRegistrationFunctionality" name="verify_success_message_after_user_registration_deny_process" time="0.0">
    <ignored/>
  </testcase> <!-- verify_success_message_after_user_registration_deny_process -->
  <testcase classname="Tests.UserRegistrationFunctionality" name="verification_of_last_successful_Login_date_and_Time_on_Welcome_Name_and_User_Profile" time="0.0">
    <ignored/>
  </testcase> <!-- verification_of_last_successful_Login_date_and_Time_on_Welcome_Name_and_User_Profile -->
  <testcase classname="Tests.UserRegistrationFunctionality" name="Verification_of_accessibility_of_accept_Terms_of_use_text_link" time="0.0">
    <ignored/>
  </testcase> <!-- Verification_of_accessibility_of_accept_Terms_of_use_text_link -->
  <testcase classname="Tests.UserRegistrationFunctionality" name="verification_Of_Jurisdiction_User_can_View_User_Role_History_with_Selecting_role" time="0.0">
    <ignored/>
  </testcase> <!-- verification_Of_Jurisdiction_User_can_View_User_Role_History_with_Selecting_role -->
  <testcase classname="Tests.UserRegistrationFunctionality" name="verification_of_accessibility_of_Personal_Information_step_in_user_registration" time="0.0">
    <ignored/>
  </testcase> <!-- verification_of_accessibility_of_Personal_Information_step_in_user_registration -->
  <testcase classname="Tests.UserRegistrationFunctionality" name="verification_of_mandatory_fields_with_Empty_data_on_Edit_and_Review_page" time="0.0">
    <ignored/>
  </testcase> <!-- verification_of_mandatory_fields_with_Empty_data_on_Edit_and_Review_page -->
  <testcase classname="Tests.UserRegistrationFunctionality" name="verify_The_Logion_Functionality_with_Valid_Data" time="0.0">
    <ignored/>
  </testcase> <!-- verify_The_Logion_Functionality_with_Valid_Data -->
  <testcase classname="Tests.UserRegistrationFunctionality" name="commentFieldWhenApplicationDeniedByRegistrar" time="0.0">
    <ignored/>
  </testcase> <!-- commentFieldWhenApplicationDeniedByRegistrar -->
  <testcase classname="Tests.UserRegistrationFunctionality" name="jurisdiction_User_Can_Able_TO_Change_Status_Of_The_User_Registration_Application_To_Request_Revision_WithAdding_Valid_comment" time="0.0">
    <ignored/>
  </testcase> <!-- jurisdiction_User_Can_Able_TO_Change_Status_Of_The_User_Registration_Application_To_Request_Revision_WithAdding_Valid_comment -->
  <testcase classname="Tests.UserRegistrationFunctionality" name="verification_of_accept_Terms_and_conditions_functionality" time="0.0">
    <ignored/>
  </testcase> <!-- verification_of_accept_Terms_and_conditions_functionality -->
  <testcase classname="Tests.UserRegistrationFunctionality" name="verification_Of_Jurisdiction_User_can_View_User_Role_History_with_Selecting_Status" time="0.0">
    <ignored/>
  </testcase> <!-- verification_Of_Jurisdiction_User_can_View_User_Role_History_with_Selecting_Status -->
  <testcase classname="Tests.UserRegistrationFunctionality" name="Verification_Jurisdiction_User_Can_View_Applicant_User_status_history_From_Another_Jurisdiction_WhoSubmitted_The_Cross_Jurisdiction_Request_Or_Change_Jurisdiction_Request" time="0.0">
    <ignored/>
  </testcase> <!-- Verification_Jurisdiction_User_Can_View_Applicant_User_status_history_From_Another_Jurisdiction_WhoSubmitted_The_Cross_Jurisdiction_Request_Or_Change_Jurisdiction_Request -->
  <testcase classname="Tests.UserRegistrationFunctionality" name="verify_Unsuccessful_Login_Error_Message" time="0.0">
    <ignored/>
  </testcase> <!-- verify_Unsuccessful_Login_Error_Message -->
  <testcase classname="Tests.UserRegistrationFunctionality" name="Jurisdiction_User_Can_Able_TO_Change_Status_Of_The_User_Registration_Application_To_Request_Revision_With_Using_Request_status_Filter" time="0.0">
    <ignored/>
  </testcase> <!-- Jurisdiction_User_Can_Able_TO_Change_Status_Of_The_User_Registration_Application_To_Request_Revision_With_Using_Request_status_Filter -->
  <testcase classname="Tests.UserRegistrationFunctionality" name="Verify_that_JA_cannot_view_user_details_of_users_of_other_jurisdiction" time="0.0">
    <ignored/>
  </testcase> <!-- Verify_that_JA_cannot_view_user_details_of_users_of_other_jurisdiction -->
  <testcase classname="Tests.UserRegistrationFunctionality" name="uI_Verification_of_landing_page_for_Unknown_user" time="0.0">
    <ignored/>
  </testcase> <!-- uI_Verification_of_landing_page_for_Unknown_user -->
  <testcase classname="Tests.UserRegistrationFunctionality" name="Jurisdiction_User_Can_Able_TO_Change_Status_Of_The_User_Registration_Application_To_Request_Revision_With_Using_Jurisdiction_Filter" time="0.0">
    <ignored/>
  </testcase> <!-- Jurisdiction_User_Can_Able_TO_Change_Status_Of_The_User_Registration_Application_To_Request_Revision_With_Using_Jurisdiction_Filter -->
  <testcase classname="Tests.UserRegistrationFunctionality" name="Verification_Of_Email_Address_Field_With_Invalid_Data" time="0.0">
    <ignored/>
  </testcase> <!-- Verification_Of_Email_Address_Field_With_Invalid_Data -->
  <testcase classname="Tests.UserRegistrationFunctionality" name="Verification_of_accessibility_contact_us_link_for_public_Logged_in_user" time="0.0">
    <ignored/>
  </testcase> <!-- Verification_of_accessibility_contact_us_link_for_public_Logged_in_user -->
  <testcase classname="Tests.UserRegistrationFunctionality" name="verification_of_Cancel_application_functionality_after_Revision_Request" time="0.0">
    <ignored/>
  </testcase> <!-- verification_of_Cancel_application_functionality_after_Revision_Request -->
  <testcase classname="Tests.UserRegistrationFunctionality" name="uI_Verification_of_Residence_and_mailing_page" time="0.0">
    <ignored/>
  </testcase> <!-- uI_Verification_of_Residence_and_mailing_page -->
  <testcase classname="Tests.UserRegistrationFunctionality" name="validation_Of_User_Id_Field_With_Valid_Data" time="0.0">
    <ignored/>
  </testcase> <!-- validation_Of_User_Id_Field_With_Valid_Data -->
  <testcase classname="Tests.UserRegistrationFunctionality" name="verify_Assign_Role_Functionality_For_User_During_Approve_Registration_By_Registrar" time="0.0">
    <ignored/>
  </testcase> <!-- verify_Assign_Role_Functionality_For_User_During_Approve_Registration_By_Registrar -->
  <testcase classname="Tests.UserRegistrationFunctionality" name="verification_Of_Email_Address_Field_With_Valid_Data" time="0.0">
    <ignored/>
  </testcase> <!-- verification_Of_Email_Address_Field_With_Valid_Data -->
  <testcase classname="Tests.UserRegistrationFunctionality" name="verification_of_Log_in_Functionality_with_incorrect_answer_to_security_question" time="0.0">
    <ignored/>
  </testcase> <!-- verification_of_Log_in_Functionality_with_incorrect_answer_to_security_question -->
  <testcase classname="Tests.UserRegistrationFunctionality" name="verify_Without_Selecting_Role_Type_and_Role_For_User_During_Approve_Registration_By_Registrar" time="0.0">
    <ignored/>
  </testcase> <!-- verify_Without_Selecting_Role_Type_and_Role_For_User_During_Approve_Registration_By_Registrar -->
  <testcase classname="Tests.UserRegistrationFunctionality" name="verification_Of_Removing_Assigned_Roles_For_users_Other_Than_Jurisdiction_And_service_Providers" time="0.0">
    <ignored/>
  </testcase> <!-- verification_Of_Removing_Assigned_Roles_For_users_Other_Than_Jurisdiction_And_service_Providers -->
  <testcase classname="Tests.UserRegistrationFunctionality" name="verification_of_replacement_of_new_successful_login_date_And_time_with_last_login" time="0.0">
    <ignored/>
  </testcase> <!-- verification_of_replacement_of_new_successful_login_date_And_time_with_last_login -->
  <testcase classname="Tests.UserRegistrationFunctionality" name="Verification_oF_login_fail_error_message_for_empty_data" time="0.0">
    <ignored/>
  </testcase> <!-- Verification_oF_login_fail_error_message_for_empty_data -->
  <testcase classname="Tests.UserRegistrationFunctionality" name="verify_of_Cancel_Button_Functionality_On_Confirmation_Message_Popup" time="0.0">
    <ignored/>
  </testcase> <!-- verify_of_Cancel_Button_Functionality_On_Confirmation_Message_Popup -->
  <testcase classname="Tests.UserRegistrationFunctionality" name="verification_of_Review_application_details_functionality_before_submit_the_application" time="0.0">
    <ignored/>
  </testcase> <!-- verification_of_Review_application_details_functionality_before_submit_the_application -->
  <testcase classname="Tests.UserRegistrationFunctionality" name="Jurisdiction_User_Can_Able_TO_Change_Status_Of_The_User_Registration_Application_To_Request_Revision_With_Using_Role_Filter" time="0.0">
    <ignored/>
  </testcase> <!-- Jurisdiction_User_Can_Able_TO_Change_Status_Of_The_User_Registration_Application_To_Request_Revision_With_Using_Role_Filter -->
  <testcase classname="Tests.UserRegistrationFunctionality" name="Verification_of_submit_button_functionality_when_Terms_of_Use_are_accepted" time="0.0">
    <ignored/>
  </testcase> <!-- Verification_of_submit_button_functionality_when_Terms_of_Use_are_accepted -->
  <testcase classname="Tests.UserRegistrationFunctionality" name="verification_of_Accessibility_privacy_policy_and_terms_for_not_logged_in_User" time="0.0">
    <ignored/>
  </testcase> <!-- verification_of_Accessibility_privacy_policy_and_terms_for_not_logged_in_User -->
  <testcase classname="Tests.UserRegistrationFunctionality" name="Verification_Of_Mandatory_Fields_With_Empty_Data_On_Personal_Information_Page" time="0.0">
    <ignored/>
  </testcase> <!-- Verification_Of_Mandatory_Fields_With_Empty_Data_On_Personal_Information_Page -->
  <testcase classname="Tests.UserRegistrationFunctionality" name="verify_The_Passphrase_Criteria_For_Invalid_Data" time="0.0">
    <ignored/>
  </testcase> <!-- verify_The_Passphrase_Criteria_For_Invalid_Data -->
  <testcase classname="Tests.UserRegistrationFunctionality" name="verify_The_Jurisdiction_Authority_can_Request_Revision_Role_Of_User_which_Request_Status_Is_Proposed_To_Authority" time="0.0">
    <ignored/>
  </testcase> <!-- verify_The_Jurisdiction_Authority_can_Request_Revision_Role_Of_User_which_Request_Status_Is_Proposed_To_Authority -->
  <testcase classname="Tests.UserRegistrationFunctionality" name="Verification_of_forgot_passphrase_functionality_with_valid_data" time="0.0">
    <ignored/>
  </testcase> <!-- Verification_of_forgot_passphrase_functionality_with_valid_data -->
  <testcase classname="Tests.UserRegistrationFunctionality" name="Verification_Of_Jurisdiction_User_Can_View_The_applicant_Passphrase_Security_Questions_And_Answers" time="0.0">
    <ignored/>
  </testcase> <!-- Verification_Of_Jurisdiction_User_Can_View_The_applicant_Passphrase_Security_Questions_And_Answers -->
  <testcase classname="Tests.UserRegistrationFunctionality" name="verify_That_The_Jurisdioction_Authority_Can_View_Proposed_Registratios_For_Roles_And_Proposed_updates_For_Roles" time="0.0">
    <ignored/>
  </testcase> <!-- verify_That_The_Jurisdioction_Authority_Can_View_Proposed_Registratios_For_Roles_And_Proposed_updates_For_Roles -->
  <testcase classname="Tests.UserRegistrationFunctionality" name="verify_Personal_Information_Page_For_Valid_Data" time="0.0">
    <ignored/>
  </testcase> <!-- verify_Personal_Information_Page_For_Valid_Data -->
  <testcase classname="Tests.UserRegistrationFunctionality" name="verify_success_message_after_user_registration_Approve_process" time="0.0">
    <ignored/>
  </testcase> <!-- verify_success_message_after_user_registration_Approve_process -->
  <testcase classname="Tests.UserRegistrationFunctionality" name="verification_of_display_registration_form_as_per_selected_jurisdiction" time="0.0">
    <ignored/>
  </testcase> <!-- verification_of_display_registration_form_as_per_selected_jurisdiction -->
  <testcase classname="Tests.UserRegistrationFunctionality" name="verification_Of_Edit_Profile_Functionality_When_The_Application_Status_Is_Approved" time="0.0">
    <ignored/>
  </testcase> <!-- verification_Of_Edit_Profile_Functionality_When_The_Application_Status_Is_Approved -->
  <testcase classname="Tests.UserRegistrationFunctionality" name="Verification_Of_Cancelling_The_user_Registration_Form_after_The_Revised_User_Updated_The_User_Details_form" time="0.0">
    <ignored/>
  </testcase> <!-- Verification_Of_Cancelling_The_user_Registration_Form_after_The_Revised_User_Updated_The_User_Details_form -->
  <testcase classname="Tests.UserRegistrationFunctionality" name="uI_Verification_of_personal_information_page" time="0.0">
    <ignored/>
  </testcase> <!-- uI_Verification_of_personal_information_page -->
  <testcase classname="Tests.UserRegistrationFunctionality" name="verify_that_registrar_can_cancel_the_user_registration_deny_process" time="0.0">
    <ignored/>
  </testcase> <!-- verify_that_registrar_can_cancel_the_user_registration_deny_process -->
  <testcase classname="Tests.UserRegistrationFunctionality" name="Verification_Of_Last_Successful_Login_Date_Time_And_Date_Displayed_On_User_Profile_Page" time="0.0">
    <ignored/>
  </testcase> <!-- Verification_Of_Last_Successful_Login_Date_Time_And_Date_Displayed_On_User_Profile_Page -->
  <testcase classname="Tests.UserRegistrationFunctionality" name="uI_Verification_of_Login_Module_on_Home_page" time="0.0">
    <ignored/>
  </testcase> <!-- uI_Verification_of_Login_Module_on_Home_page -->
  <testcase classname="Tests.UserRegistrationFunctionality" name="verification_of_accessibility_of_Edit_And_Review_step_in_user_registration" time="0.0">
    <ignored/>
  </testcase> <!-- verification_of_accessibility_of_Edit_And_Review_step_in_user_registration -->
  <testcase classname="Tests.UserRegistrationFunctionality" name="verification_of_Check_if_same_as_Primary_Residence_check_box_functionality_on_residence_mailing_section" time="0.0">
    <ignored/>
  </testcase> <!-- verification_of_Check_if_same_as_Primary_Residence_check_box_functionality_on_residence_mailing_section -->
  <testcase classname="Tests.UserRegistrationFunctionality" name="verification_Of_Last_Successful_Login_Date_And_Time_On_Welcome_Name" time="0.0">
    <ignored/>
  </testcase> <!-- verification_Of_Last_Successful_Login_Date_And_Time_On_Welcome_Name -->
  <testcase classname="Tests.UserRegistrationFunctionality" name="uI_verification_of_Contact_us_Page" time="0.0">
    <ignored/>
  </testcase> <!-- uI_verification_of_Contact_us_Page -->
  <testcase classname="Tests.UserRegistrationFunctionality" name="verification_Of_Reenter_Passphrase_Functionality_Of_Create_User_Login_Page" time="0.0">
    <ignored/>
  </testcase> <!-- verification_Of_Reenter_Passphrase_Functionality_Of_Create_User_Login_Page -->
  <testcase classname="Tests.UserRegistrationFunctionality" name="Verification_Of_Display_Registration_Application_Status_On_User_Profile" time="0.0">
    <ignored/>
  </testcase> <!-- Verification_Of_Display_Registration_Application_Status_On_User_Profile -->
  <testcase classname="Tests.UserRegistrationFunctionality" name="verification_Of_CXancel_User_Registration_Functionality_If_Received_Physical_Documents_Flag_Not_Checked" time="0.0">
    <ignored/>
  </testcase> <!-- verification_Of_CXancel_User_Registration_Functionality_If_Received_Physical_Documents_Flag_Not_Checked -->
  <testcase classname="Tests.UserRegistrationFunctionality" name="UI_Verification_of_Submit_Requirement_Documents_page" time="0.0">
    <ignored/>
  </testcase> <!-- UI_Verification_of_Submit_Requirement_Documents_page -->
  <testcase classname="Tests.UserRegistrationFunctionality" name="verify_the_Contact_Us_Inquiry_functionality_for_logged_in_user_with_Empty_data" time="0.0">
    <ignored/>
  </testcase> <!-- verify_the_Contact_Us_Inquiry_functionality_for_logged_in_user_with_Empty_data -->
  <testcase classname="Tests.UserRegistrationFunctionality" name="verification_Of_Replacement_Of_New_Successful_Login_Date_And_Time_With_The_Last_Login" time="0.0">
    <ignored/>
  </testcase> <!-- verification_Of_Replacement_Of_New_Successful_Login_Date_And_Time_With_The_Last_Login -->
  <testcase classname="Tests.UserRegistrationFunctionality" name="validation_Of_User_Id_Field_With_Empty_Data" time="0.0">
    <ignored/>
  </testcase> <!-- validation_Of_User_Id_Field_With_Empty_Data -->
  <testcase classname="Tests.UserRegistrationFunctionality" name="accessibility_Contact_Us_link_for_logged_in_User" time="0.0">
    <ignored/>
  </testcase> <!-- accessibility_Contact_Us_link_for_logged_in_User -->
  <testcase classname="Tests.UserRegistrationFunctionality" name="verify_Comment_Fieldl_when_The_Application_Is_Approved_By_Registrar" time="0.0">
    <ignored/>
  </testcase> <!-- verify_Comment_Fieldl_when_The_Application_Is_Approved_By_Registrar -->
  <testcase classname="Tests.UserRegistrationFunctionality" name="security_questions_and_answers_with_valid_data" time="0.0">
    <ignored/>
  </testcase> <!-- security_questions_and_answers_with_valid_data -->
  <testcase classname="Tests.UserRegistrationFunctionality" name="verification_Of_Registration_Application_When_Application_Status_Is_Revision_Requested" time="0.0">
    <ignored/>
  </testcase> <!-- verification_Of_Registration_Application_When_Application_Status_Is_Revision_Requested -->
  <testcase classname="Tests.UserRegistrationFunctionality" name="verify_The_Passphrase_Field_With_Valid_Data" time="0.0">
    <ignored/>
  </testcase> <!-- verify_The_Passphrase_Field_With_Valid_Data -->
  <testcase classname="Tests.UserRegistrationFunctionality" name="Verification_of_initiate_cancel_registration_functionality_with_request_revision_application_status" time="0.0">
    <ignored/>
  </testcase> <!-- Verification_of_initiate_cancel_registration_functionality_with_request_revision_application_status -->
  <testcase classname="Tests.UserRegistrationFunctionality" name="uI_Verification_of_configuration_settings_page" time="0.0">
    <ignored/>
  </testcase> <!-- uI_Verification_of_configuration_settings_page -->
  <testcase classname="Tests.UserRegistrationFunctionality" name="verify_The_Jurisdiction_Authority_can_Approve_Role_Of_User_which_Request_Status_Is_Proposed_To_Authority" time="0.0">
    <ignored/>
  </testcase> <!-- verify_The_Jurisdiction_Authority_can_Approve_Role_Of_User_which_Request_Status_Is_Proposed_To_Authority -->
  <testcase classname="Tests.UserRegistrationFunctionality" name="Verification_of_User_profile_details_access_to_applicant_user" time="0.0">
    <ignored/>
  </testcase> <!-- Verification_of_User_profile_details_access_to_applicant_user -->
  <testcase classname="Tests.UserRegistrationFunctionality" name="Verify_that_the_Jurisdiction_Authority_can_view_the_details_of_users_who_are_in_their_Jurisdiction_only" time="0.0">
    <ignored/>
  </testcase> <!-- Verify_that_the_Jurisdiction_Authority_can_view_the_details_of_users_who_are_in_their_Jurisdiction_only -->
  <testcase classname="Tests.UserRegistrationFunctionality" name="answer_field_by_selecting_dupliate_answer" time="0.0">
    <ignored/>
  </testcase> <!-- answer_field_by_selecting_dupliate_answer -->
  <testcase classname="Tests.UserRegistrationFunctionality" name="verify_the_Contact_Us_Inquiry_functionality_for_Public_user_with_valid_data" time="0.0">
    <ignored/>
  </testcase> <!-- verify_the_Contact_Us_Inquiry_functionality_for_Public_user_with_valid_data -->
  <testcase classname="Tests.UserRegistrationFunctionality" name="Verification_of_display_accept_Terms_of_Use_option" time="0.0">
    <ignored/>
  </testcase> <!-- Verification_of_display_accept_Terms_of_Use_option -->
  <testcase classname="Tests.UserRegistrationFunctionality" name="Verification_Of_User_Id_Field_Display_Message_For_Existing_User_Id" time="0.0">
    <ignored/>
  </testcase> <!-- Verification_Of_User_Id_Field_Display_Message_For_Existing_User_Id -->
  <testcase classname="Tests.UserRegistrationFunctionality" name="security_questions_and_answers_with_Invalid_data" time="0.0">
    <ignored/>
  </testcase> <!-- security_questions_and_answers_with_Invalid_data -->
  <testcase classname="Tests.UserRegistrationFunctionality" name="Verify_Applicant_Can_Not_Make_Changes_To_Registration_Application_When_Status_Is_Changed_From_Revision_Requested" time="0.0">
    <ignored/>
  </testcase> <!-- Verify_Applicant_Can_Not_Make_Changes_To_Registration_Application_When_Status_Is_Changed_From_Revision_Requested -->
  <testcase classname="Tests.UserRegistrationFunctionality" name="Verify_the_email_address_field_with_empty_data" time="0.0">
    <ignored/>
  </testcase> <!-- Verify_the_email_address_field_with_empty_data -->
  <testcase classname="Tests.UserRegistrationFunctionality" name="verification_Of_User_Login_Functionality_Only_If_The_Username_Passphrase_and_Answer_TO_Security_Questions_are_Matches" time="0.0">
    <ignored/>
  </testcase> <!-- verification_Of_User_Login_Functionality_Only_If_The_Username_Passphrase_and_Answer_TO_Security_Questions_are_Matches -->
  <testcase classname="Tests.UserRegistrationFunctionality" name="Verification_Of_Mandatory_Fields_With_Empty_Data_On_Residence_And_Mailing_Page" time="0.0">
    <ignored/>
  </testcase> <!-- Verification_Of_Mandatory_Fields_With_Empty_Data_On_Residence_And_Mailing_Page -->
  <testcase classname="Tests.UserRegistrationFunctionality" name="Verification_of_all_mandatory_fields_with_invalid_data_on_personal_Information_page" time="0.0">
    <ignored/>
  </testcase> <!-- Verification_of_all_mandatory_fields_with_invalid_data_on_personal_Information_page -->
  <testcase classname="Tests.UserRegistrationFunctionality" name="Verification_Of_Remove_Assigned_Role_From_Jurisdiction_Or_Service_Provider_User" time="0.0">
    <ignored/>
  </testcase> <!-- Verification_Of_Remove_Assigned_Role_From_Jurisdiction_Or_Service_Provider_User -->
  <testcase classname="Tests.UserRegistrationFunctionality" name="uI_Verification_of_user_Registration_Steps_landing_page" time="0.0">
    <ignored/>
  </testcase> <!-- uI_Verification_of_user_Registration_Steps_landing_page -->
  <testcase classname="Tests.UserRegistrationFunctionality" name="Verification_of_submit_button_functionality_when_Terms_of_Use_are_not_accepted" time="0.0">
    <ignored/>
  </testcase> <!-- Verification_of_submit_button_functionality_when_Terms_of_Use_are_not_accepted -->
  <testcase classname="Tests.UserRegistrationFunctionality" name="Verification_of_Jurisdiction_User_can_select_and_view_the_details_of_any_pending_user_registration_application" time="0.0">
    <ignored/>
  </testcase> <!-- Verification_of_Jurisdiction_User_can_select_and_view_the_details_of_any_pending_user_registration_application -->
  <testcase classname="Tests.UserRegistrationFunctionality" name="verify_The_Passphrase_Field_With_Empty_Data" time="0.0">
    <ignored/>
  </testcase> <!-- verify_The_Passphrase_Field_With_Empty_Data -->
  <testcase classname="Tests.UserRegistrationFunctionality" name="verify_The_Jurisdiction_Authority_can_Deny_Role_Of_User_which_Request_Status_Is_Proposed_Role_Change" time="0.0">
    <ignored/>
  </testcase> <!-- verify_The_Jurisdiction_Authority_can_Deny_Role_Of_User_which_Request_Status_Is_Proposed_Role_Change -->
  <testcase classname="Tests.UserRegistrationFunctionality" name="Verification_of_forgot_passphrase_functionality_with_Empty_data" time="0.0">
    <ignored/>
  </testcase> <!-- Verification_of_forgot_passphrase_functionality_with_Empty_data -->
  <testcase classname="Tests.UserRegistrationFunctionality" name="security_questions_and_answers_with_Empty_data" time="0.0">
    <ignored/>
  </testcase> <!-- security_questions_and_answers_with_Empty_data -->
  <testcase classname="Tests.UserRegistrationFunctionality" name="uI_Verification_of_Edit_and_Review_page" time="0.0">
    <ignored/>
  </testcase> <!-- uI_Verification_of_Edit_and_Review_page -->
  <testcase classname="Tests.UserRegistrationFunctionality" name="verificatio_Of_JU_Registrar_Is_Able_To_Send_Revision_Request_For_Same_Field_Again_To_The_Same_User_Registration" time="0.0">
    <ignored/>
  </testcase> <!-- verificatio_Of_JU_Registrar_Is_Able_To_Send_Revision_Request_For_Same_Field_Again_To_The_Same_User_Registration -->
  <testcase classname="Tests.UserRegistrationFunctionality" name="VerifyTheEmailAddressFieldWithEmptyData" time="0.0">
    <ignored/>
  </testcase> <!-- VerifyTheEmailAddressFieldWithEmptyData -->
  <testcase classname="Tests.UserRegistrationFunctionality" name="Verify_the_Contact_Us_Inquiry_functionality_for_logged_in_user_with_invalid_data" time="0.0">
    <ignored/>
  </testcase> <!-- Verify_the_Contact_Us_Inquiry_functionality_for_logged_in_user_with_invalid_data -->
  <testcase classname="Tests.UserRegistrationFunctionality" name="verify_The_Jurisdiction_Authority_can_Deny_Role_Of_User_which_Request_Status_Is_Proposed_To_Authority" time="0.0">
    <ignored/>
  </testcase> <!-- verify_The_Jurisdiction_Authority_can_Deny_Role_Of_User_which_Request_Status_Is_Proposed_To_Authority -->
  <testcase classname="Tests.UserRegistrationFunctionality" name="verification_of_accessibility_of_Select_Jurisdiction_step_in_user_registration" time="0.0">
    <ignored/>
  </testcase> <!-- verification_of_accessibility_of_Select_Jurisdiction_step_in_user_registration -->
  <testcase classname="Tests.UserRegistrationFunctionality" name="verification_of_applicant_can_login_And_download_the_registration_form" time="0.0">
    <ignored/>
  </testcase> <!-- verification_of_applicant_can_login_And_download_the_registration_form -->
  <testcase classname="Tests.UserRegistrationFunctionality" name="verification_of_all_mandatory_fields_with_invalid_data_on_Create_User_LogIn_page" time="0.0">
    <ignored/>
  </testcase> <!-- verification_of_all_mandatory_fields_with_invalid_data_on_Create_User_LogIn_page -->
  <testcase classname="Tests.UserRegistrationFunctionality" name="verification_Of_Jurisdiction_User_can_View_User_Role_History_with_Selecting_Same_Jurisdiction" time="0.0">
    <ignored/>
  </testcase> <!-- verification_Of_Jurisdiction_User_can_View_User_Role_History_with_Selecting_Same_Jurisdiction -->
  <testcase classname="Tests.UserRegistrationFunctionality" name="verification_of_display_accept_Terms_of_Use_option" time="0.0">
    <ignored/>
  </testcase> <!-- verification_of_display_accept_Terms_of_Use_option -->
  <testcase classname="Tests.UserRegistrationFunctionality" name="uI_Verification_of_landing_page_for_known_user" time="0.0">
    <ignored/>
  </testcase> <!-- uI_Verification_of_landing_page_for_known_user -->
  <testcase classname="Tests.UserRegistrationFunctionality" name="Verify_the_Jurisdiction_Authority_can_view_the_details_of_any_user_with_Proposed_to_Authority_status" time="0.0">
    <ignored/>
  </testcase> <!-- Verify_the_Jurisdiction_Authority_can_view_the_details_of_any_user_with_Proposed_to_Authority_status -->
  <testcase classname="Tests.UserRegistrationFunctionality" name="verify_Comment_Field_when_The_User_Registration_Cancel_By_Registrar" time="0.0">
    <ignored/>
  </testcase> <!-- verify_Comment_Field_when_The_User_Registration_Cancel_By_Registrar -->
  <testcase classname="Tests.UserRegistrationFunctionality" name="verify_The_Logion_Functionality_with_Invalid_Data" time="0.0">
    <ignored/>
  </testcase> <!-- verify_The_Logion_Functionality_with_Invalid_Data -->
  <testcase classname="Tests.UserRegistrationFunctionality" name="verification_of_application_status_post_login" time="0.0">
    <ignored/>
  </testcase> <!-- verification_of_application_status_post_login -->
  <testcase classname="Tests.UserRegistrationFunctionality" name="Verify_The_Jurisdiction_Authority_can_Request_Revision_Role_Of_User_which_Request_Status_Is_Proposed_Role_Change" time="0.0">
    <ignored/>
  </testcase> <!-- Verify_The_Jurisdiction_Authority_can_Request_Revision_Role_Of_User_which_Request_Status_Is_Proposed_Role_Change -->
  <testcase classname="Tests.UserRegistrationFunctionality" name="verify_That_The_Security_Questions_Propmts_When_User_Accessing_The_URL_For_First_Time" time="0.0">
    <ignored/>
  </testcase> <!-- verify_That_The_Security_Questions_Propmts_When_User_Accessing_The_URL_For_First_Time -->
  <testcase classname="Tests.UserRegistrationFunctionality" name="verification_Of_Jurisdiction_User_can_View_User_Role_History_with_Using_Filter" time="0.0">
    <ignored/>
  </testcase> <!-- verification_Of_Jurisdiction_User_can_View_User_Role_History_with_Using_Filter -->
  <testcase classname="Tests.UserRegistrationFunctionality" name="Verify_the_Contact_Us_Inquiry_functionality_for_public_user_with_Invalid_data" time="0.0">
    <ignored/>
  </testcase> <!-- Verify_the_Contact_Us_Inquiry_functionality_for_public_user_with_Invalid_data -->
  <testcase classname="Tests.UserRegistrationFunctionality" name="verification_Of_Jurisdiction_User_Can_View_Applicants_Personal_Information" time="0.0">
    <ignored/>
  </testcase> <!-- verification_Of_Jurisdiction_User_Can_View_Applicants_Personal_Information -->
  <testcase classname="Tests.UserRegistrationFunctionality" name="Verfication_of_cancel_button_functionality_of_user_details_page" time="0.0">
    <ignored/>
  </testcase> <!-- Verfication_of_cancel_button_functionality_of_user_details_page -->
  <testcase classname="Tests.UserRegistrationFunctionality" name="verify_that_the_registrar_can_cancel_the_user_registration_approval_process" time="0.0">
    <ignored/>
  </testcase> <!-- verify_that_the_registrar_can_cancel_the_user_registration_approval_process -->
  <testcase classname="Tests.UserRegistrationFunctionality" name="uI_Verification_of_select_jurisdiction_page" time="0.0">
    <ignored/>
  </testcase> <!-- uI_Verification_of_select_jurisdiction_page -->
  <testcase classname="Tests.UserRegistrationFunctionality" name="Verification_Of_Last_Successful_Login_When_User_Logs_In_For_The_First_Time_After_Registration" time="0.0">
    <ignored/>
  </testcase> <!-- Verification_Of_Last_Successful_Login_When_User_Logs_In_For_The_First_Time_After_Registration -->
  <testcase classname="Tests.UserRegistrationFunctionality" name="uI_verification_of_JU_Home_Page" time="0.0">
    <ignored/>
  </testcase> <!-- uI_verification_of_JU_Home_Page -->
  <testcase classname="Tests.UserRegistrationFunctionality" name="verification_of_select_jurisdiction_And_select_language_functionality_for_public_user_to_register_the_application" time="0.0">
    <ignored/>
  </testcase> <!-- verification_of_select_jurisdiction_And_select_language_functionality_for_public_user_to_register_the_application -->
  <testcase classname="Tests.UserRegistrationFunctionality" name="verification_of_accessibility_of_registration_step_to_Public_User" time="0.0">
    <ignored/>
  </testcase> <!-- verification_of_accessibility_of_registration_step_to_Public_User -->
  <testcase classname="Tests.UserRegistrationFunctionality" name="verification_Of_Accessibility_Of_Create_User_LogIn_Step_In_User_Registration" time="0.0">
    <ignored/>
  </testcase> <!-- verification_Of_Accessibility_Of_Create_User_LogIn_Step_In_User_Registration -->
  <testcase classname="Tests.UserRegistrationFunctionality" name="verification_of_all_mandatory_fields_on_Contact_Us_page" time="0.0">
    <ignored/>
  </testcase> <!-- verification_of_all_mandatory_fields_on_Contact_Us_page -->
  <testcase classname="Tests.UserRegistrationFunctionality" name="VerificationOfAccessibilityOfSubmitRequiredDocumentsStepInUserRegistration" time="0.0">
    <ignored/>
  </testcase> <!-- VerificationOfAccessibilityOfSubmitRequiredDocumentsStepInUserRegistration -->
  <testcase classname="Tests.UserRegistrationFunctionality" name="verification_Of_Edit_Profile_Functionality_When_The_Application_Status_Is_Revision_Requested" time="0.0">
    <ignored/>
  </testcase> <!-- verification_Of_Edit_Profile_Functionality_When_The_Application_Status_Is_Revision_Requested -->
  <testcase classname="Tests.UserRegistrationFunctionality" name="verify_That_The_Security_Questions_Propmts_When_User_Accessing_The_URL_For_The_Next_Time_In_Same_Browser" time="0.0">
    <ignored/>
  </testcase> <!-- verify_That_The_Security_Questions_Propmts_When_User_Accessing_The_URL_For_The_Next_Time_In_Same_Browser -->
  <testcase classname="Tests.UserRegistrationFunctionality" name="Verify_the_Contact_Us_Inquiry_functionality_for_public_user_with_Empty_data" time="0.0">
    <ignored/>
  </testcase> <!-- Verify_the_Contact_Us_Inquiry_functionality_for_public_user_with_Empty_data -->
  <testcase classname="Tests.UserRegistrationFunctionality" name="Verify_Registrar_Can_Select_Roles_Associated_With_The_Selected_Role_Type_During_The_Approval_Process" time="0.0">
    <ignored/>
  </testcase> <!-- Verify_Registrar_Can_Select_Roles_Associated_With_The_Selected_Role_Type_During_The_Approval_Process -->
  <testcase classname="Tests.UserRegistrationFunctionality" name="Verification_of_submit_registration_application_without_accepting_Terms_and_Conditions" time="0.0">
    <ignored/>
  </testcase> <!-- Verification_of_submit_registration_application_without_accepting_Terms_and_Conditions -->
  <testcase classname="Tests.UserRegistrationFunctionality" name="uI_Verification_of_create_user_login_page" time="0.0">
    <ignored/>
  </testcase> <!-- uI_Verification_of_create_user_login_page -->
  <testcase classname="Tests.UserRegistrationFunctionality" name="verification_of_all_mandatory_fields_with_invalid_data_on_Residence_And_Mailing_page" time="0.0">
    <ignored/>
  </testcase> <!-- verification_of_all_mandatory_fields_with_invalid_data_on_Residence_And_Mailing_page -->
  <testcase classname="Tests.UserRegistrationFunctionality" name="Verificatio_Of_Retain_Data_Functionality_Until_The_Tab_Or_Window_Is_closed" time="0.0">
    <ignored/>
  </testcase> <!-- Verificatio_Of_Retain_Data_Functionality_Until_The_Tab_Or_Window_Is_closed -->
  <testcase classname="Tests.UserRegistrationFunctionality" name="Verification_of_initiate_cancel_registration_functionality_with_Approved_application_status" time="0.0">
    <ignored/>
  </testcase> <!-- Verification_of_initiate_cancel_registration_functionality_with_Approved_application_status -->
  <testcase classname="Tests.UserRegistrationFunctionality" name="verify_Discard_Functionality_on_Contact_Us_page" time="0.0">
    <ignored/>
  </testcase> <!-- verify_Discard_Functionality_on_Contact_Us_page -->
  <testcase classname="Tests.UserRegistrationFunctionality" name="verify_The_Cancel_User_Registration_Application_Functionality" time="0.0">
    <ignored/>
  </testcase> <!-- verify_The_Cancel_User_Registration_Application_Functionality -->
  <testcase classname="Tests.UserRegistrationFunctionality" name="verification_of_answer_field_on_security_questions_popup_with_empty_data" time="0.0">
    <ignored/>
  </testcase> <!-- verification_of_answer_field_on_security_questions_popup_with_empty_data -->
  <testcase classname="Tests.UserRegistrationFunctionality" name="Verification_of_User_registration_form_print_or_download_functionality" time="0.0">
    <ignored/>
  </testcase> <!-- Verification_of_User_registration_form_print_or_download_functionality -->
  <testcase classname="Tests.UserRegistrationFunctionality" name="Verification_of_Cancel_button_functionality" time="0.0">
    <ignored/>
  </testcase> <!-- Verification_of_Cancel_button_functionality -->
  <testcase classname="Tests.UserRegistrationFunctionality" name="verification_Of_login_Functionality_For_user_After_Cancel_User_Registration_By_Applicant" time="0.0">
    <ignored/>
  </testcase> <!-- verification_Of_login_Functionality_For_user_After_Cancel_User_Registration_By_Applicant -->
  <testcase classname="Tests.UserRegistrationFunctionality" name="Verification_of_assigning_multiple_roles_from_different_role_type" time="0.0">
    <ignored/>
  </testcase> <!-- Verification_of_assigning_multiple_roles_from_different_role_type -->
  <testcase classname="Tests.UserRegistrationFunctionality" name="Error_message_LoginFail" time="0.0">
    <ignored/>
  </testcase> <!-- Error_message_LoginFail -->
  <testcase classname="Tests.UserRegistrationFunctionality" name="Verification_of_assigning_multiple_roles_from_same_role_type_during_the_user_registration_approval_process" time="0.0">
    <ignored/>
  </testcase> <!-- Verification_of_assigning_multiple_roles_from_same_role_type_during_the_user_registration_approval_process -->
  <testcase classname="Tests.UserRegistrationFunctionality" name="verification_of_all_mandatory_fields_with_valid_data_on_Edit_And_Review_page" time="0.0">
    <ignored/>
  </testcase> <!-- verification_of_all_mandatory_fields_with_valid_data_on_Edit_And_Review_page -->
  <testcase classname="Tests.UserRegistrationFunctionality" name="commentFieldWhenApplicationIsRequestRevision" time="0.0">
    <ignored/>
  </testcase> <!-- commentFieldWhenApplicationIsRequestRevision -->
  <testcase classname="Tests.UserRegistrationFunctionality" name="Verification_of_Availability_accessibility_of_user_profile" time="0.0">
    <ignored/>
  </testcase> <!-- Verification_of_Availability_accessibility_of_user_profile -->
  <testcase classname="Tests.UserRegistrationFunctionality" name="ui_Verification_of_Submit_Requirement_Documents_page" time="0.0">
    <ignored/>
  </testcase> <!-- ui_Verification_of_Submit_Requirement_Documents_page -->
  <testcase classname="Tests.UserRegistrationFunctionality" name="Verify_Remember_me_checkbox_appearnce" time="0.0">
    <ignored/>
  </testcase> <!-- Verify_Remember_me_checkbox_appearnce -->
  <testcase classname="Tests.UserRegistrationFunctionality" name="verify_That_When_Request_statusOf_Applicant_User_Changes_All_Request_Status_Is_Captured_And_displayed_In_User_Status_History" time="0.0">
    <ignored/>
  </testcase> <!-- verify_That_When_Request_statusOf_Applicant_User_Changes_All_Request_Status_Is_Captured_And_displayed_In_User_Status_History -->
  <testcase classname="Tests.UserRegistrationFunctionality" name="verification_of_Accessibility_privacy_policy_and_terms_for_logged_in_User" time="0.0">
    <ignored/>
  </testcase> <!-- verification_of_Accessibility_privacy_policy_and_terms_for_logged_in_User -->
  <testcase classname="Tests.UserRegistrationFunctionality" name="Verify_if_User_do_not_select_Remember_me_checkbox_In_the_next_login_userID_Should_Not_be_populated" time="0.0">
    <ignored/>
  </testcase> <!-- Verify_if_User_do_not_select_Remember_me_checkbox_In_the_next_login_userID_Should_Not_be_populated -->
  <testcase classname="Tests.UserRegistrationFunctionality" name="verification_of_accessibility_of_Residence_And_Mailing_step_in_user_registration" time="0.0">
    <ignored/>
  </testcase> <!-- verification_of_accessibility_of_Residence_And_Mailing_step_in_user_registration -->
  <testcase classname="Tests.UserRegistrationFunctionality" name="verification_Of_Retain_Data_Functionality_Until_Tab_Or_Window_Is_Closed" time="0.0">
    <ignored/>
  </testcase> <!-- verification_Of_Retain_Data_Functionality_Until_Tab_Or_Window_Is_Closed -->
  <testcase classname="Tests.UserRegistrationFunctionality" name="verification_Of_Submit_Functionality_For_Corrected_Revisions" time="0.0">
    <ignored/>
  </testcase> <!-- verification_Of_Submit_Functionality_For_Corrected_Revisions -->
  <testcase classname="Tests.UserRegistrationFunctionality" name="Verify_the_accessbility_of_forgot_passphrase_link_on_login_section" time="0.0">
    <ignored/>
  </testcase> <!-- Verify_the_accessbility_of_forgot_passphrase_link_on_login_section -->
  <testcase classname="Tests.UserRegistrationFunctionality" name="verify_Comment_Field_when_The_Application_Is_Requesy_Revision_By_Registrar" time="0.0">
    <ignored/>
  </testcase> <!-- verify_Comment_Field_when_The_Application_Is_Requesy_Revision_By_Registrar -->
  <testcase classname="Tests.UserRegistrationFunctionality" name="verify_The_Jurisdiction_Authority_can_Approve_Role_Of_User_which_Request_Status_Is_Proposed_Role_Change" time="0.0">
    <ignored/>
  </testcase> <!-- verify_The_Jurisdiction_Authority_can_Approve_Role_Of_User_which_Request_Status_Is_Proposed_Role_Change -->
  <testcase classname="Tests.UserRegistrationFunctionality" name="SuccessMessageFunctionalityForInvalidData" time="0.0">
    <ignored/>
  </testcase> <!-- SuccessMessageFunctionalityForInvalidData -->
  <testcase classname="Tests.UserRegistrationFunctionality" name="Verification_Of_Jurisdiction_User_Can_Make_Request_Revision_To_Submitted_Application" time="0.0">
    <ignored/>
  </testcase> <!-- Verification_Of_Jurisdiction_User_Can_Make_Request_Revision_To_Submitted_Application -->
  <testcase classname="Tests.UserRegistrationFunctionality" name="Verify_the_Contact_Us_Inquiry_functionality_for_logged_in_user_with_valid_data" time="0.0">
    <ignored/>
  </testcase> <!-- Verify_the_Contact_Us_Inquiry_functionality_for_logged_in_user_with_valid_data -->
  <testcase classname="Tests.UserRegistrationFunctionality" name="Verification_of_forgot_passphrase_functionality_with_invalid_data" time="0.0">
    <ignored/>
  </testcase> <!-- Verification_of_forgot_passphrase_functionality_with_invalid_data -->
  <testcase classname="Tests.UserRegistrationFunctionality" name="Validation_Of_User_Id_Field_With_Invalid_Data" time="0.0">
    <ignored/>
  </testcase> <!-- Validation_Of_User_Id_Field_With_Invalid_Data -->
  <testcase classname="Tests.UserRegistrationFunctionality" name="LoginFail_EmptyData" time="0.0">
    <ignored/>
  </testcase> <!-- LoginFail_EmptyData -->
  <testcase classname="Tests.UserRegistrationFunctionality" name="Verification_Of_All_Mandatory_Fields_With_Valid_Data_On_Residence_And_Mailing_Page" time="0.0">
    <ignored/>
  </testcase> <!-- Verification_Of_All_Mandatory_Fields_With_Valid_Data_On_Residence_And_Mailing_Page -->
  <testcase classname="Tests.UserRegistrationFunctionality" name="verification_Jurisdiction_User_Can_View_Applicant_User_status_history_From_Another_Jurisdiction" time="0.0">
    <ignored/>
  </testcase> <!-- verification_Jurisdiction_User_Can_View_Applicant_User_status_history_From_Another_Jurisdiction -->
  <testcase classname="Tests.UserRegistrationFunctionality" name="verification_of_accessibility_of_forgot_passphrase_link_for_applicant" time="0.0">
    <ignored/>
  </testcase> <!-- verification_of_accessibility_of_forgot_passphrase_link_for_applicant -->
  <testcase classname="Tests.UserRegistrationFunctionality" name="Verification_of_Retain_User_ID_functinality_within_24_hours" time="0.0">
    <ignored/>
  </testcase> <!-- Verification_of_Retain_User_ID_functinality_within_24_hours -->
</testsuite> <!-- Default test -->
