<?xml version="1.0" encoding="UTF-8"?>
<!-- Generated by org.testng.reporters.JUnitXMLReporter -->
<testsuite ignored="3" hostname="EC2AMAZ-OBO535E" failures="3" tests="10" name="Test(failed)" time="2927.732" errors="0" timestamp="2023-04-21T10:22:24 UTC">
  <testcase classname="HappyPathsRegMod1.OriginalRegistrarLoginAndUnshareUserProfile" name="original_Jurisdiction_Registrar_Login_And_UnShare_User_Profile_With_Welcoming_jurisdiction" time="482.525">
    <skipped/>
  </testcase> <!-- original_Jurisdiction_Registrar_Login_And_UnShare_User_Profile_With_Welcoming_jurisdiction -->
  <testcase classname="HappyPathsRegMod1.OriginalRegistrarLoginAndUnshareUserProfile" name="original_Jurisdiction_Registrar_Login_And_UnShare_User_Profile_With_Welcoming_jurisdiction" time="474.331">
    <skipped/>
  </testcase> <!-- original_Jurisdiction_Registrar_Login_And_UnShare_User_Profile_With_Welcoming_jurisdiction -->
  <testcase classname="HappyPathsRegMod1.OriginalRegistrarLoginAndUnshareUserProfile" name="original_Jurisdiction_Registrar_Login_And_UnShare_User_Profile_With_Welcoming_jurisdiction" time="474.644">
    <failure type="org.openqa.selenium.StaleElementReferenceException" message="stale element reference: element is not attached to the page document
  (Session info: chrome=112.0.5615.138)
For documentation on this error, please visit: https://www.seleniumhq.org/exceptions/stale_element_reference.html
Build info: version: &amp;apos;3.141.59&amp;apos;, revision: &amp;apos;e82be7d358&amp;apos;, time: &amp;apos;2018-11-14T08:17:03&amp;apos;
System info: host: &amp;apos;EC2AMAZ-OBO535E&amp;apos;, ip: &amp;apos;10.100.8.23&amp;apos;, os.name: &amp;apos;Windows Server 2022&amp;apos;, os.arch: &amp;apos;amd64&amp;apos;, os.version: &amp;apos;10.0&amp;apos;, java.version: &amp;apos;18.0.2.1&amp;apos;
Driver info: org.openqa.selenium.chrome.ChromeDriver
Capabilities {acceptInsecureCerts: false, browserName: chrome, browserVersion: 112.0.5615.138, chrome: {chromedriverVersion: 112.0.5615.49 (bd2a7bcb881c..., userDataDir: C:\Users\AUTOTE~1\AppData\L...}, goog:chromeOptions: {debuggerAddress: localhost:49173}, javascriptEnabled: true, networkConnectionEnabled: false, pageLoadStrategy: normal, platform: WINDOWS, platformName: WINDOWS, proxy: Proxy(), setWindowRect: true, strictFileInteractability: false, timeouts: {implicit: 0, pageLoad: 300000, script: 30000}, unhandledPromptBehavior: dismiss and notify, webauthn:extension:credBlob: true, webauthn:extension:largeBlob: true, webauthn:extension:minPinLength: true, webauthn:extension:prf: true, webauthn:virtualAuthenticators: true}
Session ID: 7e30ea3354f330f5d739b5a1de2221f8">
      <![CDATA[org.openqa.selenium.StaleElementReferenceException: stale element reference: element is not attached to the page document
  (Session info: chrome=112.0.5615.138)
For documentation on this error, please visit: https://www.seleniumhq.org/exceptions/stale_element_reference.html
Build info: version: '3.141.59', revision: 'e82be7d358', time: '2018-11-14T08:17:03'
System info: host: 'EC2AMAZ-OBO535E', ip: '10.100.8.23', os.name: 'Windows Server 2022', os.arch: 'amd64', os.version: '10.0', java.version: '18.0.2.1'
Driver info: org.openqa.selenium.chrome.ChromeDriver
Capabilities {acceptInsecureCerts: false, browserName: chrome, browserVersion: 112.0.5615.138, chrome: {chromedriverVersion: 112.0.5615.49 (bd2a7bcb881c..., userDataDir: C:\Users\AUTOTE~1\AppData\L...}, goog:chromeOptions: {debuggerAddress: localhost:49173}, javascriptEnabled: true, networkConnectionEnabled: false, pageLoadStrategy: normal, platform: WINDOWS, platformName: WINDOWS, proxy: Proxy(), setWindowRect: true, strictFileInteractability: false, timeouts: {implicit: 0, pageLoad: 300000, script: 30000}, unhandledPromptBehavior: dismiss and notify, webauthn:extension:credBlob: true, webauthn:extension:largeBlob: true, webauthn:extension:minPinLength: true, webauthn:extension:prf: true, webauthn:virtualAuthenticators: true}
Session ID: 7e30ea3354f330f5d739b5a1de2221f8
at org.openqa.selenium.remote.http.W3CHttpResponseCodec.createException(W3CHttpResponseCodec.java:187)
at org.openqa.selenium.remote.http.W3CHttpResponseCodec.decode(W3CHttpResponseCodec.java:122)
at org.openqa.selenium.remote.http.W3CHttpResponseCodec.decode(W3CHttpResponseCodec.java:49)
at org.openqa.selenium.remote.HttpCommandExecutor.execute(HttpCommandExecutor.java:158)
at org.openqa.selenium.remote.service.DriverCommandExecutor.execute(DriverCommandExecutor.java:83)
at org.openqa.selenium.remote.RemoteWebDriver.execute(RemoteWebDriver.java:552)
at org.openqa.selenium.remote.RemoteWebElement.execute(RemoteWebElement.java:285)
at org.openqa.selenium.remote.RemoteWebElement.click(RemoteWebElement.java:84)
at pageObjects.PendingUser.originalJurisdictionRegistrarUnshareUserProfileWithWelcomingJurisdiction(PendingUser.java:3420)
at HappyPathsRegMod1.OriginalRegistrarLoginAndUnshareUserProfile.original_Jurisdiction_Registrar_Login_And_UnShare_User_Profile_With_Welcoming_jurisdiction(OriginalRegistrarLoginAndUnshareUserProfile.java:457)
at java.base/java.util.ArrayList.forEach(ArrayList.java:1511)
... Removed 28 stack frames]]>
    </failure>
  </testcase> <!-- original_Jurisdiction_Registrar_Login_And_UnShare_User_Profile_With_Welcoming_jurisdiction -->
  <testcase classname="HappyPathsRegMod1.ClosedAccountOfUserByRegistrar" name="registrar_Closed_User_Account" time="287.274">
    <skipped/>
  </testcase> <!-- registrar_Closed_User_Account -->
  <testcase classname="HappyPathsRegMod1.ClosedAccountOfUserByRegistrar" name="registrar_Closed_User_Account" time="288.955">
    <skipped/>
  </testcase> <!-- registrar_Closed_User_Account -->
  <testcase classname="HappyPathsRegMod1.ClosedAccountOfUserByRegistrar" name="registrar_Closed_User_Account" time="286.719">
    <failure type="org.openqa.selenium.NoSuchElementException" message="no such element: Unable to locate element: {&amp;quot;method&amp;quot;:&amp;quot;xpath&amp;quot;,&amp;quot;selector&amp;quot;:&amp;quot;(//input[@placeholder=&amp;apos;Search…&amp;apos;])[1]&amp;quot;}
  (Session info: chrome=112.0.5615.138)
For documentation on this error, please visit: https://www.seleniumhq.org/exceptions/no_such_element.html
Build info: version: &amp;apos;3.141.59&amp;apos;, revision: &amp;apos;e82be7d358&amp;apos;, time: &amp;apos;2018-11-14T08:17:03&amp;apos;
System info: host: &amp;apos;EC2AMAZ-OBO535E&amp;apos;, ip: &amp;apos;10.100.8.23&amp;apos;, os.name: &amp;apos;Windows Server 2022&amp;apos;, os.arch: &amp;apos;amd64&amp;apos;, os.version: &amp;apos;10.0&amp;apos;, java.version: &amp;apos;18.0.2.1&amp;apos;
Driver info: org.openqa.selenium.chrome.ChromeDriver
Capabilities {acceptInsecureCerts: false, browserName: chrome, browserVersion: 112.0.5615.138, chrome: {chromedriverVersion: 112.0.5615.49 (bd2a7bcb881c..., userDataDir: C:\Users\AUTOTE~1\AppData\L...}, goog:chromeOptions: {debuggerAddress: localhost:49275}, javascriptEnabled: true, networkConnectionEnabled: false, pageLoadStrategy: normal, platform: WINDOWS, platformName: WINDOWS, proxy: Proxy(), setWindowRect: true, strictFileInteractability: false, timeouts: {implicit: 0, pageLoad: 300000, script: 30000}, unhandledPromptBehavior: dismiss and notify, webauthn:extension:credBlob: true, webauthn:extension:largeBlob: true, webauthn:extension:minPinLength: true, webauthn:extension:prf: true, webauthn:virtualAuthenticators: true}
Session ID: 80bc7cef0198807cb478450667c30f8d
*** Element info: {Using=xpath, value=(//input[@placeholder=&amp;apos;Search…&amp;apos;])[1]}">
      <![CDATA[org.openqa.selenium.NoSuchElementException: no such element: Unable to locate element: {"method":"xpath","selector":"(//input[@placeholder='Search…'])[1]"}
  (Session info: chrome=112.0.5615.138)
For documentation on this error, please visit: https://www.seleniumhq.org/exceptions/no_such_element.html
Build info: version: '3.141.59', revision: 'e82be7d358', time: '2018-11-14T08:17:03'
System info: host: 'EC2AMAZ-OBO535E', ip: '10.100.8.23', os.name: 'Windows Server 2022', os.arch: 'amd64', os.version: '10.0', java.version: '18.0.2.1'
Driver info: org.openqa.selenium.chrome.ChromeDriver
Capabilities {acceptInsecureCerts: false, browserName: chrome, browserVersion: 112.0.5615.138, chrome: {chromedriverVersion: 112.0.5615.49 (bd2a7bcb881c..., userDataDir: C:\Users\AUTOTE~1\AppData\L...}, goog:chromeOptions: {debuggerAddress: localhost:49275}, javascriptEnabled: true, networkConnectionEnabled: false, pageLoadStrategy: normal, platform: WINDOWS, platformName: WINDOWS, proxy: Proxy(), setWindowRect: true, strictFileInteractability: false, timeouts: {implicit: 0, pageLoad: 300000, script: 30000}, unhandledPromptBehavior: dismiss and notify, webauthn:extension:credBlob: true, webauthn:extension:largeBlob: true, webauthn:extension:minPinLength: true, webauthn:extension:prf: true, webauthn:virtualAuthenticators: true}
Session ID: 80bc7cef0198807cb478450667c30f8d
*** Element info: {Using=xpath, value=(//input[@placeholder='Search…'])[1]}
at org.openqa.selenium.remote.http.W3CHttpResponseCodec.createException(W3CHttpResponseCodec.java:187)
at org.openqa.selenium.remote.http.W3CHttpResponseCodec.decode(W3CHttpResponseCodec.java:122)
at org.openqa.selenium.remote.http.W3CHttpResponseCodec.decode(W3CHttpResponseCodec.java:49)
at org.openqa.selenium.remote.HttpCommandExecutor.execute(HttpCommandExecutor.java:158)
at org.openqa.selenium.remote.service.DriverCommandExecutor.execute(DriverCommandExecutor.java:83)
at org.openqa.selenium.remote.RemoteWebDriver.execute(RemoteWebDriver.java:552)
at org.openqa.selenium.remote.RemoteWebDriver.findElement(RemoteWebDriver.java:323)
at org.openqa.selenium.remote.RemoteWebDriver.findElementByXPath(RemoteWebDriver.java:428)
at org.openqa.selenium.By$ByXPath.findElement(By.java:353)
at org.openqa.selenium.remote.RemoteWebDriver.findElement(RemoteWebDriver.java:315)
at pageObjects.PendingUser.registrarSearchUserAndGoToUserDetailsPage(PendingUser.java:5212)
at HappyPathsRegMod1.ClosedAccountOfUserByRegistrar.registrar_Closed_User_Account(ClosedAccountOfUserByRegistrar.java:779)
at java.base/java.util.ArrayList.forEach(ArrayList.java:1511)
... Removed 28 stack frames]]>
    </failure>
  </testcase> <!-- registrar_Closed_User_Account -->
  <testcase classname="HappyPathsRegMod1.AuthorityApproveAfterRegistrarSubmitRequestRevision" name="authority_Login_And_Approve_user" time="101.451">
    <skipped/>
  </testcase> <!-- authority_Login_And_Approve_user -->
  <testcase classname="HappyPathsRegMod1.AuthorityApproveAfterRegistrarSubmitRequestRevision" name="authority_Login_And_Approve_user" time="100.857">
    <skipped/>
  </testcase> <!-- authority_Login_And_Approve_user -->
  <testcase classname="HappyPathsRegMod1.AuthorityApproveAfterRegistrarSubmitRequestRevision" name="authority_Login_And_Approve_user" time="101.014">
    <failure type="org.openqa.selenium.TimeoutException" message="Expected condition failed: waiting for visibility of element located by By.xpath: //*[@data-testid=&amp;apos;priv_btn_Search&amp;apos;] (tried for 40 second(s) with 500 milliseconds interval)">
      <![CDATA[org.openqa.selenium.TimeoutException: Expected condition failed: waiting for visibility of element located by By.xpath: //*[@data-testid='priv_btn_Search'] (tried for 40 second(s) with 500 milliseconds interval)
at org.openqa.selenium.support.ui.WebDriverWait.timeoutException(WebDriverWait.java:95)
at org.openqa.selenium.support.ui.FluentWait.until(FluentWait.java:272)
at pageObjects.MyPOMClass.chnageJurisdictionCAtoQC(MyPOMClass.java:688)
at HappyPathsRegMod1.AuthorityApproveAfterRegistrarSubmitRequestRevision.authority_Login_And_Approve_user(AuthorityApproveAfterRegistrarSubmitRequestRevision.java:295)
at java.base/java.util.ArrayList.forEach(ArrayList.java:1511)
Caused by: org.openqa.selenium.NoSuchElementException: no such element: Unable to locate element: {"method":"xpath","selector":"//*[@data-testid='priv_btn_Search']"}
  (Session info: chrome=112.0.5615.138)
For documentation on this error, please visit: https://www.seleniumhq.org/exceptions/no_such_element.html
Build info: version: '3.141.59', revision: 'e82be7d358', time: '2018-11-14T08:17:03'
System info: host: 'EC2AMAZ-OBO535E', ip: '10.100.8.23', os.name: 'Windows Server 2022', os.arch: 'amd64', os.version: '10.0', java.version: '18.0.2.1'
Driver info: org.openqa.selenium.chrome.ChromeDriver
Capabilities {acceptInsecureCerts: false, browserName: chrome, browserVersion: 112.0.5615.138, chrome: {chromedriverVersion: 112.0.5615.49 (bd2a7bcb881c..., userDataDir: C:\Users\AUTOTE~1\AppData\L...}, goog:chromeOptions: {debuggerAddress: localhost:49371}, javascriptEnabled: true, networkConnectionEnabled: false, pageLoadStrategy: normal, platform: WINDOWS, platformName: WINDOWS, proxy: Proxy(), setWindowRect: true, strictFileInteractability: false, timeouts: {implicit: 0, pageLoad: 300000, script: 30000}, unhandledPromptBehavior: dismiss and notify, webauthn:extension:credBlob: true, webauthn:extension:largeBlob: true, webauthn:extension:minPinLength: true, webauthn:extension:prf: true, webauthn:virtualAuthenticators: true}
Session ID: f9d627d3f3a982d38740c11b0c32a74d
*** Element info: {Using=xpath, value=//*[@data-testid='priv_btn_Search']}
at org.openqa.selenium.remote.http.W3CHttpResponseCodec.createException(W3CHttpResponseCodec.java:187)
at org.openqa.selenium.remote.http.W3CHttpResponseCodec.decode(W3CHttpResponseCodec.java:122)
at org.openqa.selenium.remote.http.W3CHttpResponseCodec.decode(W3CHttpResponseCodec.java:49)
at org.openqa.selenium.remote.HttpCommandExecutor.execute(HttpCommandExecutor.java:158)
at org.openqa.selenium.remote.service.DriverCommandExecutor.execute(DriverCommandExecutor.java:83)
at org.openqa.selenium.remote.RemoteWebDriver.execute(RemoteWebDriver.java:552)
at org.openqa.selenium.remote.RemoteWebDriver.findElement(RemoteWebDriver.java:323)
at org.openqa.selenium.remote.RemoteWebDriver.findElementByXPath(RemoteWebDriver.java:428)
at org.openqa.selenium.By$ByXPath.findElement(By.java:353)
at org.openqa.selenium.remote.RemoteWebDriver.findElement(RemoteWebDriver.java:315)
at org.openqa.selenium.support.ui.ExpectedConditions$7.apply(ExpectedConditions.java:205)
at org.openqa.selenium.support.ui.ExpectedConditions$7.apply(ExpectedConditions.java:201)
at org.openqa.selenium.support.ui.FluentWait.until(FluentWait.java:249)
... 28 more
... Removed 28 stack frames]]>
    </failure>
  </testcase> <!-- authority_Login_And_Approve_user -->
  <testcase classname="HappyPathsRegMod1.AuthorityLoginAndDeniedRoleChange" name="authority_Login_And_Denied_Role_change" time="310.48"/>
  <testcase classname="resources.base" name="@BeforeSuite start" time="0.0">
    <ignored/>
  </testcase> <!-- @BeforeSuite start -->
  <testcase classname="resources.base" name="@BeforeSuite start" time="0.0">
    <ignored/>
  </testcase> <!-- @BeforeSuite start -->
  <testcase classname="resources.base" name="@BeforeSuite start" time="0.0">
    <ignored/>
  </testcase> <!-- @BeforeSuite start -->
</testsuite> <!-- Test(failed) -->
